<?xml version="1.0" encoding="UTF-8"?>
<!-- Generated by org.testng.reporters.JUnitXMLReporter -->
<testsuite ignored="0" hostname="DESKTOP-HD07P7I" failures="1" tests="1" name="AmazonTest" time="4.476" errors="0" timestamp="2021-05-25T23:01:58 CDT">
  <testcase classname="com.testframework.tests.AmazonPracticeTest" name="thirdTestCase" time="0.835">
    <failure type="java.lang.NullPointerException">
      <![CDATA[java.lang.NullPointerException
at com.testframework.pageobjects.AmazonProductsPO.fillNewAccountFormular(AmazonProductsPO.java:83)
at com.testframework.tests.AmazonPracticeTest.thirdTestCase(AmazonPracticeTest.java:43)
at java.base/java.util.ArrayList.forEach(ArrayList.java:1541)
... Removed 31 stack frames]]>
    </failure>
  </testcase> <!-- thirdTestCase -->
</testsuite> <!-- AmazonTest -->
