<?xml version="1.0" encoding="UTF-8"?>
<testsuite xmlns:xsi="http://www.w3.org/2001/XMLSchema-instance" xsi:noNamespaceSchemaLocation="https://maven.apache.org/surefire/maven-surefire-plugin/xsd/surefire-test-report-3.0.xsd" version="3.0" name="TestSuite" time="8.893" tests="1" errors="0" skipped="0" failures="1">
  <properties>
[...]
</properties>
  <testcase name="thirdTestCase" classname="com.testframework.tests.AmazonPracticeTest" time="0.847">
    <failure type="java.lang.NullPointerException"><![CDATA[java.lang.NullPointerException
	at com.testframework.tests.AmazonPracticeTest.thirdTestCase(AmazonPracticeTest.java:43)
]]></failure>
    <system-err><![CDATA[java.lang.RuntimeException: HttpResponseCode: 429
	at com.testframework.base.APIDataProvider.getEmployeeData(APIDataProvider.java:23)
	at com.testframework.tests.BaseTest.<init>(BaseTest.java:17)
	at com.testframework.tests.AmazonPracticeTest.<init>(AmazonPracticeTest.java:8)
	at java.base/jdk.internal.reflect.NativeConstructorAccessorImpl.newInstance0(Native Method)
	at java.base/jdk.internal.reflect.NativeConstructorAccessorImpl.newInstance(NativeConstructorAccessorImpl.java:62)
	at java.base/jdk.internal.reflect.DelegatingConstructorAccessorImpl.newInstance(DelegatingConstructorAccessorImpl.java:45)
	at java.base/java.lang.reflect.Constructor.newInstance(Constructor.java:490)
	at org.testng.internal.ObjectFactoryImpl.newInstance(ObjectFactoryImpl.java:23)
	at org.testng.internal.InstanceCreator.instantiateUsingDefaultConstructor(InstanceCreator.java:193)
	at org.testng.internal.InstanceCreator.createInstanceUsingObjectFactory(InstanceCreator.java:113)
	at org.testng.internal.InstanceCreator.createInstance(InstanceCreator.java:79)
	at org.testng.internal.ClassImpl.getDefaultInstance(ClassImpl.java:109)
	at org.testng.internal.ClassImpl.getInstances(ClassImpl.java:167)
	at org.testng.TestClass.getInstances(TestClass.java:102)
	at org.testng.TestClass.initTestClassesAndInstances(TestClass.java:82)
	at org.testng.TestClass.init(TestClass.java:74)
	at org.testng.TestClass.<init>(TestClass.java:39)
	at org.testng.TestRunner.initMethods(TestRunner.java:459)
	at org.testng.TestRunner.init(TestRunner.java:338)
	at org.testng.TestRunner.init(TestRunner.java:291)
	at org.testng.TestRunner.<init>(TestRunner.java:179)
	at org.testng.SuiteRunner$DefaultTestRunnerFactory.newTestRunner(SuiteRunner.java:613)
	at org.testng.SuiteRunner.init(SuiteRunner.java:178)
	at org.testng.SuiteRunner.<init>(SuiteRunner.java:112)
	at org.testng.TestNG.createSuiteRunner(TestNG.java:1275)
	at org.testng.TestNG.createSuiteRunners(TestNG.java:1251)
	at org.testng.TestNG.runSuitesLocally(TestNG.java:1100)
	at org.testng.TestNG.runSuites(TestNG.java:1039)
	at org.testng.TestNG.run(TestNG.java:1007)
	at org.apache.maven.surefire.testng.TestNGExecutor.run(TestNGExecutor.java:283)
	at org.apache.maven.surefire.testng.TestNGXmlTestSuite.execute(TestNGXmlTestSuite.java:75)
	at org.apache.maven.surefire.testng.TestNGProvider.invoke(TestNGProvider.java:120)
	at org.apache.maven.surefire.booter.ForkedBooter.runSuitesInProcess(ForkedBooter.java:377)
	at org.apache.maven.surefire.booter.ForkedBooter.execute(ForkedBooter.java:138)
	at org.apache.maven.surefire.booter.ForkedBooter.run(ForkedBooter.java:465)
	at org.apache.maven.surefire.booter.ForkedBooter.main(ForkedBooter.java:451)
Starting MSEdgeDriver 90.0.818.51 (0ac6c7911676c0ad0b47db24c7d4c524203c4cc4) on port 23027
Only local connections are allowed.
Please see https://chromedriver.chromium.org/security-considerations for suggestions on keeping MSEdgeDriver safe.
MSEdgeDriver was started successfully.
May 25, 2021 11:01:55 PM org.openqa.selenium.remote.ProtocolHandshake createSession
INFO: Detected dialect: W3C
]]></system-err>
  </testcase>
</testsuite>