-------------------------------------------------------------------------------
Test set: TestSuite
-------------------------------------------------------------------------------
Tests run: 1, Failures: 1, Errors: 0, Skipped: 0, Time elapsed: 8.893 s <<< FAILURE! - in TestSuite
com.testframework.tests.AmazonPracticeTest.thirdTestCase  Time elapsed: 0.847 s  <<< FAILURE!
java.lang.NullPointerException
	at com.testframework.tests.AmazonPracticeTest.thirdTestCase(AmazonPracticeTest.java:43)

